GRUB: Parsing multiboot 2 information structure ...
GRUB: flags = 0x1a67
	GRUB: mem_lower = 639KB, mem_upper = 523200KB
	GRUB: boot_device = 0xe0ffffff
	GRUB: cmdline = 
	GRUB: multiboot_elf_sec: num = 7, size = 0x28, addr = 0x1013c, shndx = 0x6
	GRUB: mmap_addr = 0x100ac, mmap_length = 0x90
		size = 0x14, base_addr = 0x00, length = 0x00, type = 0x0
		size = 0x14, base_addr = 0x00, length = 0x9fc000, type = 0x0
		size = 0x14, base_addr = 0x00, length = 0xf00000, type = 0x0
		size = 0x14, base_addr = 0x00, length = 0x1000000, type = 0x0
		size = 0x14, base_addr = 0x00, length = 0x1fff00000, type = 0x0
		size = 0x14, base_addr = 0x00, length = 0xfffc00000, type = 0x0
GRUB: Parsing multiboot 2 information structure ...
GRUB: flags = 0x1a67
	GRUB: mem_lower = 639KB, mem_upper = 523200KB
	GRUB: boot_device = 0xe0ffffff
	GRUB: cmdline = 
	GRUB: multiboot_elf_sec: num = 7, size = 0x28, addr = 0x1013c, shndx = 0x6
	GRUB: mmap_addr = 0x100ac, mmap_length = 0x90
		size = 0x14, base_addr = 0x00, length = 0x00, type = 0x0
		size = 0x14, base_addr = 0x00, length = 0x9fc000, type = 0x0
		size = 0x14, base_addr = 0x00, length = 0xf00000, type = 0x0
		size = 0x14, base_addr = 0x00, length = 0x1000000, type = 0x0
		size = 0x14, base_addr = 0x00, length = 0x1fff00000, type = 0x0
		size = 0x14, base_addr = 0x00, length = 0xfffc00000, type = 0x0
